Arguments: 
  C:\Program Files\nodejs\node.exe C:\Users\dragon\AppData\Roaming\npm\node_modules\yarn\bin\yarn.js

PATH: 
  C:\Program Files\Eclipse Adoptium\jdk-17.0.4.101-hotspot\bin;C:\Program Files\OpenJDK\jdk-8.0.262.10-hotspot\bin;C:\Program Files\Common Files\Oracle\Java\javapath;C:\Program Files (x86)\VMware\VMware Workstation\bin\;C:\Windows\system32;C:\Windows;C:\Windows\System32\Wbem;C:\Windows\System32\WindowsPowerShell\v1.0\;C:\Windows\System32\OpenSSH\;C:\Program Files (x86)\NVIDIA Corporation\PhysX\Common;C:\Program Files\Git\cmd;C:\Program Files\nodejs\;C:\ProgramData\chocolatey\bin;C:\Program Files\dotnet\;C:\Users\dragon\AppData\Roaming\npm;C:\Users\dragon\AppData\Roaming\npm\node_modules\@angular\cli\bin;C:\Program Files\Microsoft SQL Server\130\Tools\Binn\;C:\WINDOWS\system32;C:\WINDOWS;C:\WINDOWS\System32\Wbem;C:\WINDOWS\System32\WindowsPowerShell\v1.0\;C:\WINDOWS\System32\OpenSSH\;C:\Users\dragon\AppData\Local\Android\Sdk\platform-tools;C:\PhantomJs\bin\phantomjs;C:\Program Files (x86)\Bitvise SSH Client;E:\xampp\php;C:\composer;C:\Program Files\Microsoft SQL Server\150\Tools\Binn\;C:\Program Files\Microsoft SQL Server\Client SDK\ODBC\170\Tools\Binn\;C:\Users\dragon\.windows-build-tools\python27\;C:\Program Files\nodejs\node_modules\npm\node_modules\npm-lifecycle\node-gyp-bin;C:\Users\dragon\AppData\Roaming\npm\node_modules\windows-build-tools\node_modules\.bin;C:\Users\dragon\AppData\Roaming\npm\node_modules\.bin;C:\Users\dragon\AppData\Local\Microsoft\WindowsApps;C:\Users\dragon\AppData\Local\GitHubDesktop\bin;C:\Users\dragon\.dotnet\tools;C:\Users\dragon\AppData\Local\Programs\Microsoft VS Code\bin;C:\Users\dragon\AppData\Local\Microsoft\WindowsApps;D:\flutter\bin;E:\AnroidWorks\decompile\apktool_2.3.0;C:\Program Files\Bandizip\;C:\Program Files\JetBrains\PhpStorm 2020.1\bin;C:\Users\dragon\AppData\Local\Google\Cloud SDK\google-cloud-sdk\bin;C:\Users\dragon\composer;C:\Users\dragon\AppData\Roaming\Composer\vendor\bin;C:\Users\dragon\.dotnet\tools

Yarn version: 
  1.22.19

Node version: 
  14.17.0

Platform: 
  win32 x64

Trace: 
  Error: connect ETIMEDOUT 104.16.26.35:443
      at TCPConnectWrap.afterConnect [as oncomplete] (net.js:1146:16)

npm manifest: 
  {
    "name": "ARDemo",
    "version": "1.0.0",
    "description": "ARDemo",
    "main": "index.js",
    "repository": "https://github.com/guru1031/ARDemo.git",
    "author": "guru1031 <dev.superstar1031@gmail.com>",
    "license": "MIT",
    "dependencies": {
      "three": "^0.147.0",
      "@babel/core": "^7.20.5",
      "@babel/eslint-parser": "^7.19.1",
      "@babel/plugin-proposal-class-properties": "^7.18.6",
      "@babel/preset-env": "^7.20.2",
      "@rollup/plugin-babel": "^6.0.3",
      "@rollup/plugin-node-resolve": "^15.0.1",
      "chalk": "^5.1.2",
      "concurrently": "^7.6.0",
      "eslint": "^8.28.0",
      "eslint-config-mdcs": "^5.0.0",
      "eslint-plugin-compat": "^4.0.2",
      "eslint-plugin-html": "^7.1.0",
      "eslint-plugin-import": "^2.26.0",
      "rollup": "^2.79.1",
      "rollup-plugin-filesize": "^9.1.2",
      "rollup-plugin-terser": "^7.0.2",
      "rollup-plugin-visualizer": "^5.8.3",
      "servez": "^1.14.1"
    },
    "scripts": {
      "start": "npm run dev",
      "test": "npm run lint && npm run test-unit",
      "build": "rollup -c utils/build/rollup.config.js",
      "build-module": "rollup -c utils/build/rollup.config.js --configOnlyModule",
      "dev": "concurrently --names \"ROLLUP,HTTP\" -c \"bgBlue.bold,bgGreen.bold\" \"rollup -c utils/build/rollup.config.js -w -m inline\" \"servez -p 8080 --ssl\"",
      "lint": "eslint src --ext js",
      "lint-examples": "eslint examples/jsm examples/*.html --ext js,html --ignore-pattern libs --ignore-pattern ifc",
      "lint-docs": "eslint docs --ext html",
      "lint-fix": "npm run lint -- --fix && npm run lint-examples -- --fix && npm run lint-docs -- --fix",
      "test-unit": "npm run unit --prefix test",
      "test-e2e": "node test/e2e/puppeteer.js",
      "test-e2e-cov": "node test/e2e/check-coverage.js",
      "test-treeshake": "rollup -c test/rollup.treeshake.config.js",
      "make-screenshot": "node test/e2e/puppeteer.js --make"
    }
  }

yarn manifest: 
  No manifest

Lockfile: 
  # THIS IS AN AUTOGENERATED FILE. DO NOT EDIT THIS FILE DIRECTLY.
  # yarn lockfile v1
  
  
  three@^0.147.0:
    version "0.147.0"
    resolved "https://registry.yarnpkg.com/three/-/three-0.147.0.tgz#1974af9e8e0c1efb3a8561334d57c0b6c29a7951"
    integrity sha512-LPTOslYQXFkmvceQjFTNnVVli2LaVF6C99Pv34fJypp8NbQLbTlu3KinZ0zURghS5zEehK+VQyvWuPZ/Sm8fzw==
